env: load .env
env: export EXPO_PUBLIC_DEMO_CHW_EMAIL EXPO_PUBLIC_DEMO_CHW_PASSWORD EXPO_PUBLIC_DEMO_MOTHER_EMAIL EXPO_PUBLIC_DEMO_MOTHER_PASSWORD EXPO_PUBLIC_SUPABASE_ANON_KEY EXPO_PUBLIC_SUPABASE_URL EXPO_PUBLIC_API_BASE_URL
Starting project at H:\Projects\MaaSheba\mobile
Starting Metro Bundler

Waiting on http://localhost:8081
Logs for your project will appear below.
Android node_modules\expo-router\entry.js ░░░░░░░░░░░░░░░░  0.0% (0/1)
Android node_modules\expo-router\entry.js ▓▓▓▓░░░░░░░░░░░░ 26.2% (199/389)
Android node_modules\expo-router\entry.js ▓▓▓▓▓▓▓▓▓▓░░░░░░ 67.5% ( 980/1210)
Android Bundled 10079ms node_modules\expo-router\entry.js (1685 modules)
 WARN  Require cycle: src/auth/supabaseAuth.ts -> src/auth/secureSession.ts -> src/auth/supabaseAuth.ts

Require cycles are allowed, but can result in uninitialized values. Consider refactoring to remove the need for a cycle.
 WARN  [expo-av]: Expo AV has been deprecated and will be removed in SDK 54. Use the `expo-audio` and `expo-video` packages to replace the required functionality.
 ERROR  expo-notifications: Custom sound 'default' not found in native app. Make sure the sound file (e.g. 'custom_sound.wav') is included in the expo-notifications config plugin sounds array in app config. 

Call Stack
  construct (<native>)
  apply (<native>)
  _construct (node_modules\@babel\runtime\helpers\construct.js)
  Wrapper (node_modules\@babel\runtime\helpers\wrapNativeSuper.js)
  construct (<native>)
  _callSuper (node_modules\@babel\runtime\helpers\callSuper.js)
  NamelessError (node_modules\@expo\metro-runtime\src\metroServerLogs.native.ts)
  captureCurrentStack (node_modules\@expo\metro-runtime\src\metroServerLogs.native.ts)
  HMRClient.log (node_modules\@expo\metro-runtime\src\metroServerLogs.native.ts)
  console.level (node_modules\react-native\Libraries\Core\setUpDeveloperTools.js)
  NativeJSLogger.addListener$argument_1 (node_modules\expo-modules-core\src\sweet\setUpJsLogger.fx.ts)
 ERROR  expo-notifications: Custom sound 'default' not found in native app. Make sure the sound file (e.g. 'custom_sound.wav') is included in the expo-notifications config plugin sounds array in app config. 

Call Stack
  construct (<native>)
  apply (<native>)
  _construct (node_modules\@babel\runtime\helpers\construct.js)
  Wrapper (node_modules\@babel\runtime\helpers\wrapNativeSuper.js)
  construct (<native>)
  _callSuper (node_modules\@babel\runtime\helpers\callSuper.js)
  NamelessError (node_modules\@expo\metro-runtime\src\metroServerLogs.native.ts)
  captureCurrentStack (node_modules\@expo\metro-runtime\src\metroServerLogs.native.ts)
  HMRClient.log (node_modules\@expo\metro-runtime\src\metroServerLogs.native.ts)
  console.level (node_modules\react-native\Libraries\Core\setUpDeveloperTools.js)
  NativeJSLogger.addListener$argument_1 (node_modules\expo-modules-core\src\sweet\setUpJsLogger.fx.ts)
 ERROR  expo-notifications: Custom sound 'default' not found in native app. Make sure the sound file (e.g. 'custom_sound.wav') is included in the expo-notifications config plugin sounds array in app config. 

Call Stack
  construct (<native>)
  apply (<native>)
  _construct (node_modules\@babel\runtime\helpers\construct.js)
  Wrapper (node_modules\@babel\runtime\helpers\wrapNativeSuper.js)
  construct (<native>)
  _callSuper (node_modules\@babel\runtime\helpers\callSuper.js)
  NamelessError (node_modules\@expo\metro-runtime\src\metroServerLogs.native.ts)
  captureCurrentStack (node_modules\@expo\metro-runtime\src\metroServerLogs.native.ts)
  HMRClient.log (node_modules\@expo\metro-runtime\src\metroServerLogs.native.ts)
  console.level (node_modules\react-native\Libraries\Core\setUpDeveloperTools.js)
  NativeJSLogger.addListener$argument_1 (node_modules\expo-modules-core\src\sweet\setUpJsLogger.fx.ts)
